# JRE version: OpenJDK Runtime Environment Temurin-21.0.10+7 (21.0.10+7) (build 21.0.10+7-LTS)
# Java VM: OpenJDK 64-Bit Server VM Temurin-21.0.10+7 (21.0.10+7-LTS, mixed mode, sharing, tiered, compressed oops, compressed class ptrs, parallel gc, windows-amd64)
GC Precious Log:
 CardTable entry size: 512
 CPUs: 12 total, 12 available
 Memory: 11995M
 Large Page Support: Disabled
 NUMA Support: Disabled
 Compressed Oops: Enabled (32-bit)
 Alignments: Space 512K, Generation 512K, Heap 2M
 Heap Min Capacity: 100M
 Heap Initial Capacity: 100M
 Heap Max Capacity: 2G
 Pre-touch: Disabled
 Parallel Workers: 10
Heap:
 PSYoungGen      total 17920K, used 2925K [0x00000000d5580000, 0x00000000d6880000, 0x0000000100000000)
  eden space 16384K, 9% used [0x00000000d5580000,0x00000000d56fb6f0,0x00000000d6580000)
  from space 1536K, 91% used [0x00000000d6580000,0x00000000d66e0040,0x00000000d6700000)
  to   space 1536K, 0% used [0x00000000d6700000,0x00000000d6700000,0x00000000d6880000)
 ParOldGen       total 68608K, used 44647K [0x0000000080000000, 0x0000000084300000, 0x00000000d5580000)
  object space 68608K, 65% used [0x0000000080000000,0x0000000082b99c08,0x0000000084300000)
 Metaspace       used 44965K, committed 46080K, reserved 1114112K
  class space    used 4506K, committed 4992K, reserved 1048576K
GC Heap History (20 events):
Event: 23.362 GC heap before
{Heap before GC invocations=28 (full 2):
 PSYoungGen      total 20480K, used 19922K [0x00000000d5580000, 0x00000000d6a80000, 0x0000000100000000)
  eden space 19456K, 99% used [0x00000000d5580000,0x00000000d687caf8,0x00000000d6880000)
  from space 1024K, 46% used [0x00000000d6880000,0x00000000d68f8000,0x00000000d6980000)
  to   space 1024K, 0% used [0x00000000d6980000,0x00000000d6980000,0x00000000d6a80000)
 ParOldGen       total 68608K, used 32371K [0x0000000080000000, 0x0000000084300000, 0x00000000d5580000)
  object space 68608K, 47% used [0x0000000080000000,0x0000000081f9ce30,0x0000000084300000)
 Metaspace       used 41615K, committed 42688K, reserved 1114112K
  class space    used 4269K, committed 4736K, reserved 1048576K
}
Event: 23.364 GC heap after
{Heap after GC invocations=28 (full 2):
 PSYoungGen      total 19968K, used 1024K [0x00000000d5580000, 0x00000000d6b80000, 0x0000000100000000)
  eden space 18944K, 0% used [0x00000000d5580000,0x00000000d5580000,0x00000000d6800000)
  from space 1024K, 100% used [0x00000000d6980000,0x00000000d6a80000,0x00000000d6a80000)
  to   space 1536K, 0% used [0x00000000d6800000,0x00000000d6800000,0x00000000d6980000)
 ParOldGen       total 68608K, used 32667K [0x0000000080000000, 0x0000000084300000, 0x00000000d5580000)
  object space 68608K, 47% used [0x0000000080000000,0x0000000081fe6e40,0x0000000084300000)
 Metaspace       used 41615K, committed 42688K, reserved 1114112K
  class space    used 4269K, committed 4736K, reserved 1048576K
}
Event: 24.001 GC heap before
{Heap before GC invocations=29 (full 2):
 PSYoungGen      total 19968K, used 19968K [0x00000000d5580000, 0x00000000d6b80000, 0x0000000100000000)
  eden space 18944K, 100% used [0x00000000d5580000,0x00000000d6800000,0x00000000d6800000)
  from space 1024K, 100% used [0x00000000d6980000,0x00000000d6a80000,0x00000000d6a80000)
  to   space 1536K, 0% used [0x00000000d6800000,0x00000000d6800000,0x00000000d6980000)
 ParOldGen       total 68608K, used 32667K [0x0000000080000000, 0x0000000084300000, 0x00000000d5580000)
  object space 68608K, 47% used [0x0000000080000000,0x0000000081fe6e40,0x0000000084300000)
 Metaspace       used 43305K, committed 44416K, reserved 1114112K
  class space    used 4425K, committed 4928K, reserved 1048576K
}
Event: 24.003 GC heap after
{Heap after GC invocations=29 (full 2):
 PSYoungGen      total 20480K, used 1122K [0x00000000d5580000, 0x00000000d6b00000, 0x0000000100000000)
  eden space 18944K, 0% used [0x00000000d5580000,0x00000000d5580000,0x00000000d6800000)
  from space 1536K, 73% used [0x00000000d6800000,0x00000000d6918920,0x00000000d6980000)
  to   space 1536K, 0% used [0x00000000d6980000,0x00000000d6980000,0x00000000d6b00000)
 ParOldGen       total 68608K, used 33327K [0x0000000080000000, 0x0000000084300000, 0x00000000d5580000)
  object space 68608K, 48% used [0x0000000080000000,0x000000008208be68,0x0000000084300000)
 Metaspace       used 43305K, committed 44416K, reserved 1114112K
  class space    used 4425K, committed 4928K, reserved 1048576K
}
Event: 24.186 GC heap before
{Heap before GC invocations=30 (full 2):
 PSYoungGen      total 20480K, used 20066K [0x00000000d5580000, 0x00000000d6b00000, 0x0000000100000000)
  eden space 18944K, 100% used [0x00000000d5580000,0x00000000d6800000,0x00000000d6800000)
  from space 1536K, 73% used [0x00000000d6800000,0x00000000d6918920,0x00000000d6980000)
  to   space 1536K, 0% used [0x00000000d6980000,0x00000000d6980000,0x00000000d6b00000)
 ParOldGen       total 68608K, used 33327K [0x0000000080000000, 0x0000000084300000, 0x00000000d5580000)
  object space 68608K, 48% used [0x0000000080000000,0x000000008208be68,0x0000000084300000)
 Metaspace       used 43755K, committed 44864K, reserved 1114112K
  class space    used 4432K, committed 4928K, reserved 1048576K
}
Event: 24.188 GC heap after
{Heap after GC invocations=30 (full 2):
 PSYoungGen      total 18432K, used 1504K [0x00000000d5580000, 0x00000000d6f00000, 0x0000000100000000)
  eden space 16896K, 0% used [0x00000000d5580000,0x00000000d5580000,0x00000000d6600000)
  from space 1536K, 97% used [0x00000000d6980000,0x00000000d6af8020,0x00000000d6b00000)
  to   space 3584K, 0% used [0x00000000d6600000,0x00000000d6600000,0x00000000d6980000)
 ParOldGen       total 68608K, used 34617K [0x0000000080000000, 0x0000000084300000, 0x00000000d5580000)
  object space 68608K, 50% used [0x0000000080000000,0x00000000821ce658,0x0000000084300000)
 Metaspace       used 43755K, committed 44864K, reserved 1114112K
  class space    used 4432K, committed 4928K, reserved 1048576K
}
Event: 24.253 GC heap before
{Heap before GC invocations=31 (full 2):
 PSYoungGen      total 18432K, used 18400K [0x00000000d5580000, 0x00000000d6f00000, 0x0000000100000000)
  eden space 16896K, 100% used [0x00000000d5580000,0x00000000d6600000,0x00000000d6600000)
  from space 1536K, 97% used [0x00000000d6980000,0x00000000d6af8020,0x00000000d6b00000)
  to   space 3584K, 0% used [0x00000000d6600000,0x00000000d6600000,0x00000000d6980000)
 ParOldGen       total 68608K, used 34617K [0x0000000080000000, 0x0000000084300000, 0x00000000d5580000)
  object space 68608K, 50% used [0x0000000080000000,0x00000000821ce658,0x0000000084300000)
 Metaspace       used 43899K, committed 45056K, reserved 1114112K
  class space    used 4440K, committed 4992K, reserved 1048576K
}
Event: 24.256 GC heap after
{Heap after GC invocations=31 (full 2):
 PSYoungGen      total 18944K, used 1664K [0x00000000d5580000, 0x00000000d6b00000, 0x0000000100000000)
  eden space 16896K, 0% used [0x00000000d5580000,0x00000000d5580000,0x00000000d6600000)
  from space 2048K, 81% used [0x00000000d6600000,0x00000000d67a0040,0x00000000d6800000)
  to   space 2560K, 0% used [0x00000000d6880000,0x00000000d6880000,0x00000000d6b00000)
 ParOldGen       total 68608K, used 36088K [0x0000000080000000, 0x0000000084300000, 0x00000000d5580000)
  object space 68608K, 52% used [0x0000000080000000,0x000000008233e3b8,0x0000000084300000)
 Metaspace       used 43899K, committed 45056K, reserved 1114112K
  class space    used 4440K, committed 4992K, reserved 1048576K
}
Event: 24.364 GC heap before
{Heap before GC invocations=32 (full 2):
 PSYoungGen      total 18944K, used 18560K [0x00000000d5580000, 0x00000000d6b00000, 0x0000000100000000)
  eden space 16896K, 100% used [0x00000000d5580000,0x00000000d6600000,0x00000000d6600000)
  from space 2048K, 81% used [0x00000000d6600000,0x00000000d67a0040,0x00000000d6800000)
  to   space 2560K, 0% used [0x00000000d6880000,0x00000000d6880000,0x00000000d6b00000)
 ParOldGen       total 68608K, used 36088K [0x0000000080000000, 0x0000000084300000, 0x00000000d5580000)
  object space 68608K, 52% used [0x0000000080000000,0x000000008233e3b8,0x0000000084300000)
 Metaspace       used 44191K, committed 45312K, reserved 1114112K
  class space    used 4456K, committed 4992K, reserved 1048576K
}
Event: 24.366 GC heap after
{Heap after GC invocations=32 (full 2):
 PSYoungGen      total 18944K, used 2438K [0x00000000d5580000, 0x00000000d6c00000, 0x0000000100000000)
  eden space 16384K, 0% used [0x00000000d5580000,0x00000000d5580000,0x00000000d6580000)
  from space 2560K, 95% used [0x00000000d6880000,0x00000000d6ae18e8,0x00000000d6b00000)
  to   space 3072K, 0% used [0x00000000d6580000,0x00000000d6580000,0x00000000d6880000)
 ParOldGen       total 68608K, used 37586K [0x0000000080000000, 0x0000000084300000, 0x00000000d5580000)
  object space 68608K, 54% used [0x0000000080000000,0x00000000824b4b48,0x0000000084300000)
 Metaspace       used 44191K, committed 45312K, reserved 1114112K
  class space    used 4456K, committed 4992K, reserved 1048576K
}
Event: 24.457 GC heap before
{Heap before GC invocations=33 (full 2):
 PSYoungGen      total 18944K, used 18822K [0x00000000d5580000, 0x00000000d6c00000, 0x0000000100000000)
  eden space 16384K, 100% used [0x00000000d5580000,0x00000000d6580000,0x00000000d6580000)
  from space 2560K, 95% used [0x00000000d6880000,0x00000000d6ae18e8,0x00000000d6b00000)
  to   space 3072K, 0% used [0x00000000d6580000,0x00000000d6580000,0x00000000d6880000)
 ParOldGen       total 68608K, used 37586K [0x0000000080000000, 0x0000000084300000, 0x00000000d5580000)
  object space 68608K, 54% used [0x0000000080000000,0x00000000824b4b48,0x0000000084300000)
 Metaspace       used 44406K, committed 45568K, reserved 1114112K
  class space    used 4456K, committed 4992K, reserved 1048576K
}
Event: 24.460 GC heap after
{Heap after GC invocations=33 (full 2):
 PSYoungGen      total 17920K, used 1424K [0x00000000d5580000, 0x00000000d6980000, 0x0000000100000000)
  eden space 16384K, 0% used [0x00000000d5580000,0x00000000d5580000,0x00000000d6580000)
  from space 1536K, 92% used [0x00000000d6580000,0x00000000d66e4010,0x00000000d6700000)
  to   space 2048K, 0% used [0x00000000d6780000,0x00000000d6780000,0x00000000d6980000)
 ParOldGen       total 68608K, used 39868K [0x0000000080000000, 0x0000000084300000, 0x00000000d5580000)
  object space 68608K, 58% used [0x0000000080000000,0x00000000826ef0a8,0x0000000084300000)
 Metaspace       used 44406K, committed 45568K, reserved 1114112K
  class space    used 4456K, committed 4992K, reserved 1048576K
}
Event: 24.501 GC heap before
{Heap before GC invocations=34 (full 2):
 PSYoungGen      total 17920K, used 17808K [0x00000000d5580000, 0x00000000d6980000, 0x0000000100000000)
  eden space 16384K, 100% used [0x00000000d5580000,0x00000000d6580000,0x00000000d6580000)
  from space 1536K, 92% used [0x00000000d6580000,0x00000000d66e4010,0x00000000d6700000)
  to   space 2048K, 0% used [0x00000000d6780000,0x00000000d6780000,0x00000000d6980000)
 ParOldGen       total 68608K, used 39868K [0x0000000080000000, 0x0000000084300000, 0x00000000d5580000)
  object space 68608K, 58% used [0x0000000080000000,0x00000000826ef0a8,0x0000000084300000)
 Metaspace       used 44462K, committed 45568K, reserved 1114112K
  class space    used 4458K, committed 4992K, reserved 1048576K
}
Event: 24.503 GC heap after
{Heap after GC invocations=34 (full 2):
 PSYoungGen      total 18432K, used 1888K [0x00000000d5580000, 0x00000000d6980000, 0x0000000100000000)
  eden space 16384K, 0% used [0x00000000d5580000,0x00000000d5580000,0x00000000d6580000)
  from space 2048K, 92% used [0x00000000d6780000,0x00000000d6958080,0x00000000d6980000)
  to   space 2048K, 0% used [0x00000000d6580000,0x00000000d6580000,0x00000000d6780000)
 ParOldGen       total 68608K, used 41127K [0x0000000080000000, 0x0000000084300000, 0x00000000d5580000)
  object space 68608K, 59% used [0x0000000080000000,0x0000000082829d18,0x0000000084300000)
 Metaspace       used 44462K, committed 45568K, reserved 1114112K
  class space    used 4458K, committed 4992K, reserved 1048576K
}
Event: 24.557 GC heap before
{Heap before GC invocations=35 (full 2):
 PSYoungGen      total 18432K, used 18272K [0x00000000d5580000, 0x00000000d6980000, 0x0000000100000000)
  eden space 16384K, 100% used [0x00000000d5580000,0x00000000d6580000,0x00000000d6580000)
  from space 2048K, 92% used [0x00000000d6780000,0x00000000d6958080,0x00000000d6980000)
  to   space 2048K, 0% used [0x00000000d6580000,0x00000000d6580000,0x00000000d6780000)
 ParOldGen       total 68608K, used 41127K [0x0000000080000000, 0x0000000084300000, 0x00000000d5580000)
  object space 68608K, 59% used [0x0000000080000000,0x0000000082829d18,0x0000000084300000)
 Metaspace       used 44553K, committed 45696K, reserved 1114112K
  class space    used 4459K, committed 4992K, reserved 1048576K
}
Event: 24.558 GC heap after
{Heap after GC invocations=35 (full 2):
 PSYoungGen      total 18432K, used 1472K [0x00000000d5580000, 0x00000000d6980000, 0x0000000100000000)
  eden space 16384K, 0% used [0x00000000d5580000,0x00000000d5580000,0x00000000d6580000)
  from space 2048K, 71% used [0x00000000d6580000,0x00000000d66f0040,0x00000000d6780000)
  to   space 2048K, 0% used [0x00000000d6780000,0x00000000d6780000,0x00000000d6980000)
 ParOldGen       total 68608K, used 42830K [0x0000000080000000, 0x0000000084300000, 0x00000000d5580000)
  object space 68608K, 62% used [0x0000000080000000,0x00000000829d3808,0x0000000084300000)
 Metaspace       used 44553K, committed 45696K, reserved 1114112K
  class space    used 4459K, committed 4992K, reserved 1048576K
}
Event: 24.621 GC heap before
{Heap before GC invocations=36 (full 2):
 PSYoungGen      total 18432K, used 17856K [0x00000000d5580000, 0x00000000d6980000, 0x0000000100000000)
  eden space 16384K, 100% used [0x00000000d5580000,0x00000000d6580000,0x00000000d6580000)
  from space 2048K, 71% used [0x00000000d6580000,0x00000000d66f0040,0x00000000d6780000)
  to   space 2048K, 0% used [0x00000000d6780000,0x00000000d6780000,0x00000000d6980000)
 ParOldGen       total 68608K, used 42830K [0x0000000080000000, 0x0000000084300000, 0x00000000d5580000)
  object space 68608K, 62% used [0x0000000080000000,0x00000000829d3808,0x0000000084300000)
 Metaspace       used 44631K, committed 45760K, reserved 1114112K
  class space    used 4462K, committed 4992K, reserved 1048576K
}
Event: 24.622 GC heap after
{Heap after GC invocations=36 (full 2):
 PSYoungGen      total 17408K, used 736K [0x00000000d5580000, 0x00000000d6880000, 0x0000000100000000)
  eden space 16384K, 0% used [0x00000000d5580000,0x00000000d5580000,0x00000000d6580000)
  from space 1024K, 71% used [0x00000000d6780000,0x00000000d6838000,0x00000000d6880000)
  to   space 1536K, 0% used [0x00000000d6580000,0x00000000d6580000,0x00000000d6700000)
 ParOldGen       total 68608K, used 44076K [0x0000000080000000, 0x0000000084300000, 0x00000000d5580000)
  object space 68608K, 64% used [0x0000000080000000,0x0000000082b0b298,0x0000000084300000)
 Metaspace       used 44631K, committed 45760K, reserved 1114112K
  class space    used 4462K, committed 4992K, reserved 1048576K
}
Event: 48.951 GC heap before
{Heap before GC invocations=37 (full 2):
 PSYoungGen      total 17408K, used 17117K [0x00000000d5580000, 0x00000000d6880000, 0x0000000100000000)
  eden space 16384K, 99% used [0x00000000d5580000,0x00000000d657f680,0x00000000d6580000)
  from space 1024K, 71% used [0x00000000d6780000,0x00000000d6838000,0x00000000d6880000)
  to   space 1536K, 0% used [0x00000000d6580000,0x00000000d6580000,0x00000000d6700000)
 ParOldGen       total 68608K, used 44076K [0x0000000080000000, 0x0000000084300000, 0x00000000d5580000)
  object space 68608K, 64% used [0x0000000080000000,0x0000000082b0b298,0x0000000084300000)
 Metaspace       used 44818K, committed 45888K, reserved 1114112K
  class space    used 4487K, committed 4992K, reserved 1048576K
}
Event: 48.954 GC heap after
{Heap after GC invocations=37 (full 2):
 PSYoungGen      total 17920K, used 1408K [0x00000000d5580000, 0x00000000d6880000, 0x0000000100000000)
  eden space 16384K, 0% used [0x00000000d5580000,0x00000000d5580000,0x00000000d6580000)
  from space 1536K, 91% used [0x00000000d6580000,0x00000000d66e0040,0x00000000d6700000)
  to   space 1536K, 0% used [0x00000000d6700000,0x00000000d6700000,0x00000000d6880000)
 ParOldGen       total 68608K, used 44647K [0x0000000080000000, 0x0000000084300000, 0x00000000d5580000)
  object space 68608K, 65% used [0x0000000080000000,0x0000000082b99c08,0x0000000084300000)
 Metaspace       used 44818K, committed 45888K, reserved 1114112K
  class space    used 4487K, committed 4992K, reserved 1048576K
}

