# JRE version: OpenJDK Runtime Environment Temurin-21.0.10+7 (21.0.10+7) (build 21.0.10+7-LTS)
# Java VM: OpenJDK 64-Bit Server VM Temurin-21.0.10+7 (21.0.10+7-LTS, mixed mode, sharing, tiered, compressed oops, compressed class ptrs, g1 gc, windows-amd64)
GC Precious Log:
 CardTable entry size: 512
 Card Set container configuration: InlinePtr #cards 4 size 8 Array Of Cards #cards 16 size 48 Howl #buckets 8 coarsen threshold 3686 Howl Bitmap #cards 512 size 80 coarsen threshold 460 Card regions per heap region 1 cards per card region 4096
 CPUs: 12 total, 12 available
 Memory: 11995M
 Large Page Support: Disabled
 NUMA Support: Disabled
 Compressed Oops: Enabled (Zero based)
 Heap Region Size: 2M
 Heap Min Capacity: 8M
 Heap Initial Capacity: 188M
 Heap Max Capacity: 3000M
 Pre-touch: Disabled
 Parallel Workers: 10
 Concurrent Workers: 3
 Concurrent Refinement Workers: 10
 Periodic GC: Disabled
Heap:
 garbage-first heap   total 90112K, used 51939K [0x0000000744800000, 0x0000000800000000)
  region size 2048K, 12 young (24576K), 4 survivors (8192K)
 Metaspace       used 93328K, committed 94080K, reserved 1179648K
  class space    used 13065K, committed 13376K, reserved 1048576K
GC Heap History (20 events):
Event: 1.823 GC heap before
{Heap before GC invocations=2 (full 0):
 garbage-first heap   total 192512K, used 51241K [0x0000000744800000, 0x0000000800000000)
  region size 2048K, 23 young (47104K), 1 survivors (2048K)
 Metaspace       used 21125K, committed 21504K, reserved 1114112K
  class space    used 2677K, committed 2880K, reserved 1048576K
}
Event: 1.830 GC heap after
{Heap after GC invocations=3 (full 0):
 garbage-first heap   total 192512K, used 14617K [0x0000000744800000, 0x0000000800000000)
  region size 2048K, 4 young (8192K), 4 survivors (8192K)
 Metaspace       used 21125K, committed 21504K, reserved 1114112K
  class space    used 2677K, committed 2880K, reserved 1048576K
}
Event: 2.741 GC heap before
{Heap before GC invocations=4 (full 0):
 garbage-first heap   total 61440K, used 57625K [0x0000000744800000, 0x0000000800000000)
  region size 2048K, 25 young (51200K), 4 survivors (8192K)
 Metaspace       used 27986K, committed 28480K, reserved 1114112K
  class space    used 3675K, committed 3904K, reserved 1048576K
}
Event: 2.749 GC heap after
{Heap after GC invocations=5 (full 0):
 garbage-first heap   total 71680K, used 18424K [0x0000000744800000, 0x0000000800000000)
  region size 2048K, 5 young (10240K), 5 survivors (10240K)
 Metaspace       used 27986K, committed 28480K, reserved 1114112K
  class space    used 3675K, committed 3904K, reserved 1048576K
}
Event: 3.550 GC heap before
{Heap before GC invocations=5 (full 0):
 garbage-first heap   total 71680K, used 51192K [0x0000000744800000, 0x0000000800000000)
  region size 2048K, 21 young (43008K), 5 survivors (10240K)
 Metaspace       used 35294K, committed 35904K, reserved 1114112K
  class space    used 4623K, committed 4928K, reserved 1048576K
}
Event: 3.558 GC heap after
{Heap after GC invocations=6 (full 0):
 garbage-first heap   total 71680K, used 22015K [0x0000000744800000, 0x0000000800000000)
  region size 2048K, 2 young (4096K), 2 survivors (4096K)
 Metaspace       used 35294K, committed 35904K, reserved 1114112K
  class space    used 4623K, committed 4928K, reserved 1048576K
}
Event: 3.599 GC heap before
{Heap before GC invocations=6 (full 0):
 garbage-first heap   total 71680K, used 22015K [0x0000000744800000, 0x0000000800000000)
  region size 2048K, 3 young (6144K), 2 survivors (4096K)
 Metaspace       used 35536K, committed 36096K, reserved 1114112K
  class space    used 4670K, committed 4928K, reserved 1048576K
}
Event: 3.603 GC heap after
{Heap after GC invocations=7 (full 0):
 garbage-first heap   total 71680K, used 21259K [0x0000000744800000, 0x0000000800000000)
  region size 2048K, 2 young (4096K), 2 survivors (4096K)
 Metaspace       used 35536K, committed 36096K, reserved 1114112K
  class space    used 4670K, committed 4928K, reserved 1048576K
}
Event: 4.720 GC heap before
{Heap before GC invocations=8 (full 0):
 garbage-first heap   total 71680K, used 56075K [0x0000000744800000, 0x0000000800000000)
  region size 2048K, 19 young (38912K), 2 survivors (4096K)
 Metaspace       used 44947K, committed 45504K, reserved 1114112K
  class space    used 6265K, committed 6528K, reserved 1048576K
}
Event: 4.724 GC heap after
{Heap after GC invocations=9 (full 0):
 garbage-first heap   total 86016K, used 24156K [0x0000000744800000, 0x0000000800000000)
  region size 2048K, 3 young (6144K), 3 survivors (6144K)
 Metaspace       used 44947K, committed 45504K, reserved 1114112K
  class space    used 6265K, committed 6528K, reserved 1048576K
}
Event: 5.690 GC heap before
{Heap before GC invocations=9 (full 0):
 garbage-first heap   total 86016K, used 69212K [0x0000000744800000, 0x0000000800000000)
  region size 2048K, 25 young (51200K), 3 survivors (6144K)
 Metaspace       used 56542K, committed 57152K, reserved 1114112K
  class space    used 7654K, committed 7936K, reserved 1048576K
}
Event: 5.696 GC heap after
{Heap after GC invocations=10 (full 0):
 garbage-first heap   total 86016K, used 26582K [0x0000000744800000, 0x0000000800000000)
  region size 2048K, 3 young (6144K), 3 survivors (6144K)
 Metaspace       used 56542K, committed 57152K, reserved 1114112K
  class space    used 7654K, committed 7936K, reserved 1048576K
}
Event: 5.915 GC heap before
{Heap before GC invocations=10 (full 0):
 garbage-first heap   total 86016K, used 32726K [0x0000000744800000, 0x0000000800000000)
  region size 2048K, 8 young (16384K), 3 survivors (6144K)
 Metaspace       used 59923K, committed 60480K, reserved 1114112K
  class space    used 8187K, committed 8448K, reserved 1048576K
}
Event: 5.921 GC heap after
{Heap after GC invocations=11 (full 0):
 garbage-first heap   total 86016K, used 26821K [0x0000000744800000, 0x0000000800000000)
  region size 2048K, 2 young (4096K), 2 survivors (4096K)
 Metaspace       used 59923K, committed 60480K, reserved 1114112K
  class space    used 8187K, committed 8448K, reserved 1048576K
}
Event: 7.233 GC heap before
{Heap before GC invocations=12 (full 0):
 garbage-first heap   total 86016K, used 73925K [0x0000000744800000, 0x0000000800000000)
  region size 2048K, 25 young (51200K), 2 survivors (4096K)
 Metaspace       used 69607K, committed 70336K, reserved 1114112K
  class space    used 9673K, committed 9984K, reserved 1048576K
}
Event: 7.236 GC heap after
{Heap after GC invocations=13 (full 0):
 garbage-first heap   total 86016K, used 29923K [0x0000000744800000, 0x0000000800000000)
  region size 2048K, 3 young (6144K), 3 survivors (6144K)
 Metaspace       used 69607K, committed 70336K, reserved 1114112K
  class space    used 9673K, committed 9984K, reserved 1048576K
}
Event: 10.986 GC heap before
{Heap before GC invocations=13 (full 0):
 garbage-first heap   total 86016K, used 72931K [0x0000000744800000, 0x0000000800000000)
  region size 2048K, 25 young (51200K), 3 survivors (6144K)
 Metaspace       used 77176K, committed 77888K, reserved 1179648K
  class space    used 10774K, committed 11072K, reserved 1048576K
}
Event: 11.005 GC heap after
{Heap after GC invocations=14 (full 0):
 garbage-first heap   total 88064K, used 33485K [0x0000000744800000, 0x0000000800000000)
  region size 2048K, 4 young (8192K), 4 survivors (8192K)
 Metaspace       used 77176K, committed 77888K, reserved 1179648K
  class space    used 10774K, committed 11072K, reserved 1048576K
}
Event: 16.193 GC heap before
{Heap before GC invocations=14 (full 0):
 garbage-first heap   total 88064K, used 74445K [0x0000000744800000, 0x0000000800000000)
  region size 2048K, 25 young (51200K), 4 survivors (8192K)
 Metaspace       used 87121K, committed 87872K, reserved 1179648K
  class space    used 12283K, committed 12608K, reserved 1048576K
}
Event: 16.208 GC heap after
{Heap after GC invocations=15 (full 0):
 garbage-first heap   total 90112K, used 37603K [0x0000000744800000, 0x0000000800000000)
  region size 2048K, 4 young (8192K), 4 survivors (8192K)
 Metaspace       used 87121K, committed 87872K, reserved 1179648K
  class space    used 12283K, committed 12608K, reserved 1048576K
}

