# JRE version: OpenJDK Runtime Environment Temurin-21.0.10+7 (21.0.10+7) (build 21.0.10+7-LTS)
# Java VM: OpenJDK 64-Bit Server VM Temurin-21.0.10+7 (21.0.10+7-LTS, mixed mode, sharing, tiered, compressed oops, compressed class ptrs, g1 gc, windows-amd64)
GC Precious Log:
 CardTable entry size: 512
 Card Set container configuration: InlinePtr #cards 4 size 8 Array Of Cards #cards 16 size 48 Howl #buckets 8 coarsen threshold 3686 Howl Bitmap #cards 512 size 80 coarsen threshold 460 Card regions per heap region 1 cards per card region 4096
 CPUs: 12 total, 12 available
 Memory: 11995M
 Large Page Support: Disabled
 NUMA Support: Disabled
 Compressed Oops: Enabled (Zero based)
 Heap Region Size: 2M
 Heap Min Capacity: 8M
 Heap Initial Capacity: 188M
 Heap Max Capacity: 3000M
 Pre-touch: Disabled
 Parallel Workers: 10
 Concurrent Workers: 3
 Concurrent Refinement Workers: 10
 Periodic GC: Disabled
Heap:
 garbage-first heap   total 71680K, used 44700K [0x0000000744800000, 0x0000000800000000)
  region size 2048K, 12 young (24576K), 3 survivors (6144K)
 Metaspace       used 69759K, committed 70400K, reserved 1114112K
  class space    used 9693K, committed 9984K, reserved 1048576K
GC Heap History (20 events):
Event: 0.545 GC heap before
{Heap before GC invocations=0 (full 0):
 garbage-first heap   total 192512K, used 20480K [0x0000000744800000, 0x0000000800000000)
  region size 2048K, 11 young (22528K), 0 survivors (0K)
 Metaspace       used 4685K, committed 4864K, reserved 1114112K
  class space    used 549K, committed 640K, reserved 1048576K
}
Event: 0.553 GC heap after
{Heap after GC invocations=1 (full 0):
 garbage-first heap   total 192512K, used 8252K [0x0000000744800000, 0x0000000800000000)
  region size 2048K, 2 young (4096K), 2 survivors (4096K)
 Metaspace       used 4685K, committed 4864K, reserved 1114112K
  class space    used 549K, committed 640K, reserved 1048576K
}
Event: 1.006 GC heap before
{Heap before GC invocations=1 (full 0):
 garbage-first heap   total 192512K, used 28732K [0x0000000744800000, 0x0000000800000000)
  region size 2048K, 13 young (26624K), 2 survivors (4096K)
 Metaspace       used 11116K, committed 11520K, reserved 1114112K
  class space    used 1427K, committed 1600K, reserved 1048576K
}
Event: 1.012 GC heap after
{Heap after GC invocations=2 (full 0):
 garbage-first heap   total 192512K, used 10240K [0x0000000744800000, 0x0000000800000000)
  region size 2048K, 1 young (2048K), 1 survivors (2048K)
 Metaspace       used 11116K, committed 11520K, reserved 1114112K
  class space    used 1427K, committed 1600K, reserved 1048576K
}
Event: 1.496 GC heap before
{Heap before GC invocations=2 (full 0):
 garbage-first heap   total 192512K, used 49152K [0x0000000744800000, 0x0000000800000000)
  region size 2048K, 22 young (45056K), 1 survivors (2048K)
 Metaspace       used 21104K, committed 21504K, reserved 1114112K
  class space    used 2698K, committed 2880K, reserved 1048576K
}
Event: 1.502 GC heap after
{Heap after GC invocations=3 (full 0):
 garbage-first heap   total 192512K, used 14292K [0x0000000744800000, 0x0000000800000000)
  region size 2048K, 3 young (6144K), 3 survivors (6144K)
 Metaspace       used 21104K, committed 21504K, reserved 1114112K
  class space    used 2698K, committed 2880K, reserved 1048576K
}
Event: 2.221 GC heap before
{Heap before GC invocations=4 (full 0):
 garbage-first heap   total 49152K, used 49108K [0x0000000744800000, 0x0000000800000000)
  region size 2048K, 20 young (40960K), 3 survivors (6144K)
 Metaspace       used 26003K, committed 26432K, reserved 1114112K
  class space    used 3409K, committed 3584K, reserved 1048576K
}
Event: 2.227 GC heap after
{Heap after GC invocations=5 (full 0):
 garbage-first heap   total 59392K, used 17670K [0x0000000744800000, 0x0000000800000000)
  region size 2048K, 5 young (10240K), 5 survivors (10240K)
 Metaspace       used 26003K, committed 26432K, reserved 1114112K
  class space    used 3409K, committed 3584K, reserved 1048576K
}
Event: 2.754 GC heap before
{Heap before GC invocations=5 (full 0):
 garbage-first heap   total 59392K, used 42246K [0x0000000744800000, 0x0000000800000000)
  region size 2048K, 17 young (34816K), 5 survivors (10240K)
 Metaspace       used 31139K, committed 31744K, reserved 1114112K
  class space    used 4129K, committed 4416K, reserved 1048576K
}
Event: 2.764 GC heap after
{Heap after GC invocations=6 (full 0):
 garbage-first heap   total 59392K, used 20175K [0x0000000744800000, 0x0000000800000000)
  region size 2048K, 3 young (6144K), 3 survivors (6144K)
 Metaspace       used 31139K, committed 31744K, reserved 1114112K
  class space    used 4129K, committed 4416K, reserved 1048576K
}
Event: 3.314 GC heap before
{Heap before GC invocations=6 (full 0):
 garbage-first heap   total 59392K, used 36559K [0x0000000744800000, 0x0000000800000000)
  region size 2048K, 13 young (26624K), 3 survivors (6144K)
 Metaspace       used 35380K, committed 35968K, reserved 1114112K
  class space    used 4636K, committed 4928K, reserved 1048576K
}
Event: 3.317 GC heap after
{Heap after GC invocations=7 (full 0):
 garbage-first heap   total 59392K, used 21786K [0x0000000744800000, 0x0000000800000000)
  region size 2048K, 1 young (2048K), 1 survivors (2048K)
 Metaspace       used 35380K, committed 35968K, reserved 1114112K
  class space    used 4636K, committed 4928K, reserved 1048576K
}
Event: 3.823 GC heap before
{Heap before GC invocations=8 (full 0):
 garbage-first heap   total 59392K, used 44314K [0x0000000744800000, 0x0000000800000000)
  region size 2048K, 13 young (26624K), 1 survivors (2048K)
 Metaspace       used 41368K, committed 41984K, reserved 1114112K
  class space    used 5748K, committed 6016K, reserved 1048576K
}
Event: 3.827 GC heap after
{Heap after GC invocations=9 (full 0):
 garbage-first heap   total 71680K, used 23385K [0x0000000744800000, 0x0000000800000000)
  region size 2048K, 2 young (4096K), 2 survivors (4096K)
 Metaspace       used 41368K, committed 41984K, reserved 1114112K
  class space    used 5748K, committed 6016K, reserved 1048576K
}
Event: 4.542 GC heap before
{Heap before GC invocations=9 (full 0):
 garbage-first heap   total 71680K, used 56153K [0x0000000744800000, 0x0000000800000000)
  region size 2048K, 19 young (38912K), 2 survivors (4096K)
 Metaspace       used 51792K, committed 52416K, reserved 1114112K
  class space    used 7039K, committed 7296K, reserved 1048576K
}
Event: 4.546 GC heap after
{Heap after GC invocations=10 (full 0):
 garbage-first heap   total 71680K, used 25217K [0x0000000744800000, 0x0000000800000000)
  region size 2048K, 3 young (6144K), 3 survivors (6144K)
 Metaspace       used 51792K, committed 52416K, reserved 1114112K
  class space    used 7039K, committed 7296K, reserved 1048576K
}
Event: 4.976 GC heap before
{Heap before GC invocations=10 (full 0):
 garbage-first heap   total 71680K, used 51841K [0x0000000744800000, 0x0000000800000000)
  region size 2048K, 17 young (34816K), 3 survivors (6144K)
 Metaspace       used 59519K, committed 60096K, reserved 1114112K
  class space    used 8166K, committed 8448K, reserved 1048576K
}
Event: 4.980 GC heap after
{Heap after GC invocations=11 (full 0):
 garbage-first heap   total 71680K, used 26310K [0x0000000744800000, 0x0000000800000000)
  region size 2048K, 2 young (4096K), 2 survivors (4096K)
 Metaspace       used 59519K, committed 60096K, reserved 1114112K
  class space    used 8166K, committed 8448K, reserved 1048576K
}
Event: 5.652 GC heap before
{Heap before GC invocations=12 (full 0):
 garbage-first heap   total 71680K, used 57030K [0x0000000744800000, 0x0000000800000000)
  region size 2048K, 18 young (36864K), 2 survivors (4096K)
 Metaspace       used 66545K, committed 67264K, reserved 1114112K
  class space    used 9278K, committed 9600K, reserved 1048576K
}
Event: 5.655 GC heap after
{Heap after GC invocations=13 (full 0):
 garbage-first heap   total 71680K, used 28316K [0x0000000744800000, 0x0000000800000000)
  region size 2048K, 3 young (6144K), 3 survivors (6144K)
 Metaspace       used 66545K, committed 67264K, reserved 1114112K
  class space    used 9278K, committed 9600K, reserved 1048576K
}

